<?xml version="1.0" encoding="UTF-8"?>
<testng-results ignored="0" total="1" passed="0" failed="1" skipped="0">
  <reporter-output>
  </reporter-output>
  <suite started-at="2023-05-03T15:20:28 IST" name="Default suite" finished-at="2023-05-03T15:20:28 IST" duration-ms="77">
    <groups>
    </groups>
    <test started-at="2023-05-03T15:20:28 IST" name="Default test" finished-at="2023-05-03T15:20:28 IST" duration-ms="77">
      <class name="ecommerce.qn1">
        <test-method signature="testAddToCartAndCheckout()[pri:0, instance:ecommerce.qn1@35e2d654]" started-at="2023-05-03T15:20:28 IST" name="testAddToCartAndCheckout" finished-at="2023-05-03T15:20:28 IST" duration-ms="16" status="FAIL">
          <exception class="java.lang.Error">
            <message>
              <![CDATA[Unresolved compilation problems: 
The constructor WebDriverWait(WebDriver, int) is undefined
The method assertEquals(String, String) is undefined for the type Assertions
The method assertTrue(boolean) is undefined for the type Assertions
The method assertEquals(String, String) is undefined for the type Assertions
The method assertEquals(String, String) is undefined for the type Assertions
]]>
            </message>
            <full-stacktrace>
              <![CDATA[java.lang.Error: Unresolved compilation problems: 
The constructor WebDriverWait(WebDriver, int) is undefined
The method assertEquals(String, String) is undefined for the type Assertions
The method assertTrue(boolean) is undefined for the type Assertions
The method assertEquals(String, String) is undefined for the type Assertions
The method assertEquals(String, String) is undefined for the type Assertions

at ecommerce.qn1.testAddToCartAndCheckout(qn1.java:38)
at java.base/jdk.internal.reflect.DirectMethodHandleAccessor.invoke(DirectMethodHandleAccessor.java:104)
at java.base/java.lang.reflect.Method.invoke(Method.java:577)
at org.testng.internal.invokers.MethodInvocationHelper.invokeMethod(MethodInvocationHelper.java:139)
at org.testng.internal.invokers.TestInvoker.invokeMethod(TestInvoker.java:677)
at org.testng.internal.invokers.TestInvoker.invokeTestMethod(TestInvoker.java:221)
at org.testng.internal.invokers.MethodRunner.runInSequence(MethodRunner.java:50)
at org.testng.internal.invokers.TestInvoker$MethodInvocationAgent.invoke(TestInvoker.java:969)
at org.testng.internal.invokers.TestInvoker.invokeTestMethods(TestInvoker.java:194)
at org.testng.internal.invokers.TestMethodWorker.invokeTestMethods(TestMethodWorker.java:148)
at org.testng.internal.invokers.TestMethodWorker.run(TestMethodWorker.java:128)
at java.base/java.util.ArrayList.forEach(ArrayList.java:1511)
at org.testng.TestRunner.privateRun(TestRunner.java:829)
at org.testng.TestRunner.run(TestRunner.java:602)
at org.testng.SuiteRunner.runTest(SuiteRunner.java:437)
at org.testng.SuiteRunner.runSequentially(SuiteRunner.java:431)
at org.testng.SuiteRunner.privateRun(SuiteRunner.java:391)
at org.testng.SuiteRunner.run(SuiteRunner.java:330)
at org.testng.SuiteRunnerWorker.runSuite(SuiteRunnerWorker.java:52)
at org.testng.SuiteRunnerWorker.run(SuiteRunnerWorker.java:95)
at org.testng.TestNG.runSuitesSequentially(TestNG.java:1256)
at org.testng.TestNG.runSuitesLocally(TestNG.java:1176)
at org.testng.TestNG.runSuites(TestNG.java:1099)
at org.testng.TestNG.run(TestNG.java:1067)
at org.testng.remote.AbstractRemoteTestNG.run(AbstractRemoteTestNG.java:115)
at org.testng.remote.RemoteTestNG.initAndRun(RemoteTestNG.java:251)
at org.testng.remote.RemoteTestNG.main(RemoteTestNG.java:77)
]]>
            </full-stacktrace>
          </exception> <!-- java.lang.Error -->
          <reporter-output>
          </reporter-output>
        </test-method> <!-- testAddToCartAndCheckout -->
      </class> <!-- ecommerce.qn1 -->
    </test> <!-- Default test -->
  </suite> <!-- Default suite -->
</testng-results>
